[04:53:35] [main/INFO]: Loading Minecraft 1.21.1 with Fabric Loader 0.16.9
[04:53:35] [main/WARN]: Warnings were found!
 - Mod 'Forge Config API Port' (forgeconfigapiport) 21.1.4 recommends any version of modmenu, which is missing!
	 - You should install any version of modmenu for the optimal experience.
[04:53:35] [main/INFO]: Loading 100 mods:
	- appleskin 3.0.6+mc1.21
	- artifacts 13.0.7
	   |-- com_electronwill_night-config_core 3.8.0
	   |-- com_electronwill_night-config_toml 3.8.0
	   \-- expandability 12.0.0
	- cardinal-components 6.1.2
	   |-- cardinal-components-base 6.1.2
	   |-- cardinal-components-block 6.1.2
	   |-- cardinal-components-chunk 6.1.2
	   |-- cardinal-components-entity 6.1.2
	   |-- cardinal-components-item 6.1.2
	   |-- cardinal-components-level 6.1.2
	   |-- cardinal-components-scoreboard 6.1.2
	   \-- cardinal-components-world 6.1.2
	- carryon 2.2.2
	- cloth-config 15.0.140
	   \-- cloth-basic-math 0.6.1
	- clumps 19.0.0.1
	- fabric-api 0.116.6+1.21.1
	   |-- fabric-api-base 0.4.42+6573ed8c19
	   |-- fabric-api-lookup-api-v1 1.6.71+b559734419
	   |-- fabric-biome-api-v1 13.0.31+d527f9fd19
	   |-- fabric-block-api-v1 1.1.0+0bc3503219
	   |-- fabric-block-view-api-v2 1.0.11+ebb2264e19
	   |-- fabric-blockrenderlayer-v1 1.1.52+0af3f5a719
	   |-- fabric-client-tags-api-v1 1.1.15+6573ed8c19
	   |-- fabric-command-api-v1 1.2.49+f71b366f19
	   |-- fabric-command-api-v2 2.2.28+6ced4dd919
	   |-- fabric-commands-v0 0.2.66+df3654b319
	   |-- fabric-content-registries-v0 8.0.19+b559734419
	   |-- fabric-convention-tags-v1 2.1.5+7f945d5b19
	   |-- fabric-convention-tags-v2 2.11.1+a406e79519
	   |-- fabric-crash-report-info-v1 0.2.29+0af3f5a719
	   |-- fabric-data-attachment-api-v1 1.4.5+6116a37819
	   |-- fabric-data-generation-api-v1 20.2.33+37516cd619
	   |-- fabric-dimensions-v1 4.0.1+65213ef819
	   |-- fabric-entity-events-v1 1.8.0+2b27e0a419
	   |-- fabric-events-interaction-v0 0.7.13+ba9dae0619
	   |-- fabric-game-rule-api-v1 1.0.53+6ced4dd919
	   |-- fabric-item-api-v1 11.2.0+3b3cb2e819
	   |-- fabric-item-group-api-v1 4.1.7+def88e3a19
	   |-- fabric-key-binding-api-v1 1.0.47+0af3f5a719
	   |-- fabric-keybindings-v0 0.2.45+df3654b319
	   |-- fabric-lifecycle-events-v1 2.6.0+0865547519
	   |-- fabric-loot-api-v2 3.0.15+3f89f5a519
	   |-- fabric-loot-api-v3 1.0.3+3f89f5a519
	   |-- fabric-message-api-v1 6.0.14+8aaf3aca19
	   |-- fabric-model-loading-api-v1 2.1.0+b4d813fc19
	   |-- fabric-networking-api-v1 4.3.0+c7469b2119
	   |-- fabric-object-builder-api-v1 15.2.1+40875a9319
	   |-- fabric-particles-v1 4.0.2+6573ed8c19
	   |-- fabric-recipe-api-v1 5.0.14+248df81c19
	   |-- fabric-registry-sync-v0 5.3.1+e3eddc2119
	   |-- fabric-renderer-api-v1 3.4.1+b4d813fc19
	   |-- fabric-renderer-indigo 1.7.1+c705a49c19
	   |-- fabric-renderer-registries-v1 3.2.69+df3654b319
	   |-- fabric-rendering-data-attachment-v1 0.3.49+73761d2e19
	   |-- fabric-rendering-fluids-v1 3.1.6+1daea21519
	   |-- fabric-rendering-v0 1.1.72+df3654b319
	   |-- fabric-rendering-v1 5.1.0+ab4c25a019
	   |-- fabric-resource-conditions-api-v1 4.3.0+8dc279b119
	   |-- fabric-resource-loader-v0 1.3.1+5b5275af19
	   |-- fabric-screen-api-v1 2.0.25+8b68f1c719
	   |-- fabric-screen-handler-api-v1 1.3.90+b559734419
	   |-- fabric-sound-api-v1 1.0.23+6573ed8c19
	   |-- fabric-transfer-api-v1 5.4.3+c24bd99419
	   \-- fabric-transitive-access-wideners-v1 6.2.0+45b9699719
	- fabric-language-kotlin 1.13.6+kotlin.2.2.20
	   |-- org_jetbrains_kotlin_kotlin-reflect 2.2.20
	   |-- org_jetbrains_kotlin_kotlin-stdlib 2.2.20
	   |-- org_jetbrains_kotlin_kotlin-stdlib-jdk7 2.2.20
	   |-- org_jetbrains_kotlin_kotlin-stdlib-jdk8 2.2.20
	   |-- org_jetbrains_kotlinx_atomicfu-jvm 0.29.0
	   |-- org_jetbrains_kotlinx_kotlinx-coroutines-core-jvm 1.10.2
	   |-- org_jetbrains_kotlinx_kotlinx-coroutines-jdk8 1.10.2
	   |-- org_jetbrains_kotlinx_kotlinx-datetime-jvm 0.7.1
	   |-- org_jetbrains_kotlinx_kotlinx-io-bytestring-jvm 0.8.0
	   |-- org_jetbrains_kotlinx_kotlinx-io-core-jvm 0.8.0
	   |-- org_jetbrains_kotlinx_kotlinx-serialization-cbor-jvm 1.9.0
	   |-- org_jetbrains_kotlinx_kotlinx-serialization-core-jvm 1.9.0
	   \-- org_jetbrains_kotlinx_kotlinx-serialization-json-jvm 1.9.0
	- fabricloader 0.16.9
	- forgeconfigapiport 21.1.4
	   |-- com_electronwill_night-config_core 3.8.0
	   \-- com_electronwill_night-config_toml 3.8.0
	- framework 0.9.6
	   |-- org_javassist_javassist 3.29.2-GA
	   \-- org_reflections_reflections 0.10.2
	- immersiveores 1.21.1-1.1.4
	   \-- playerabilitylib 1.10.0
	- jade 15.10.2+fabric
	- java 21
	- jei 19.21.2.313
	- minecraft 1.21.1
	- notenoughanimations 1.10.2
	   |-- transition 1.0.4
	   \-- trender 1.0.6
	- sophisticatedbackpacks 1.21.1-3.23.4.3.106
	- sophisticatedcore 1.21.1-1.2.9.19.161
	   |-- mixinextras 0.5.0-beta.3
	   |-- porting_lib_conditions 3.1.0-beta.47+1.21.1
	   |-- porting_lib_core 3.1.0-beta.47+1.21.1
	   |-- porting_lib_fluids 3.1.0-beta.47+1.21.1
	   |-- porting_lib_item_abilities 3.1.0-beta.47+1.21.1
	   |-- porting_lib_lazy_registration 3.1.0-beta.47+1.21.1
	   |-- porting_lib_level_events 3.1.0-beta.47+1.21.1
	   |-- porting_lib_loot 3.1.0-beta.47+1.21.1
	   |-- porting_lib_model_loader 3.1.0-beta.47+1.21.1
	   |-- porting_lib_render_types 3.1.0-beta.47+1.21.1
	   |-- porting_lib_transfer 3.1.0-beta.47+1.21.1
	   \-- team_reborn_energy 4.1.0
	- structory 1.3.12
	- voicechat 1.21.1-2.5.35
	   \-- fabric-key-binding-api-v1 1.0.47+0af3f5a76a
	- xaerominimap 25.2.10
[04:53:36] [main/INFO]: SpongePowered MIXIN Subsystem Version=0.8.7 Source=file:/workspaces/POKEMON-MDB-CUP/servidor_minecraft/libraries/net/fabricmc/sponge-mixin/0.15.4+mixin.0.8.7/sponge-mixin-0.15.4+mixin.0.8.7.jar Service=Knot/Fabric Env=SERVER
[04:53:36] [main/INFO]: Compatibility level set to JAVA_21
[04:53:36] [main/WARN]: Reference map 'forgeconfigapiport.common.refmap.json' for forgeconfigapiport.common.mixins.json could not be read. If this is a development environment you can ignore this message
[04:53:36] [main/WARN]: Error loading class: net/minecraft/class_906 (java.lang.ClassNotFoundException: net/minecraft/class_906)
[04:53:36] [main/WARN]: @Mixin target net.minecraft.class_906 was not found porting_lib_item_abilities.mixins.json:FishingHookRendererMixin from mod porting_lib_item_abilities
[04:53:37] [main/WARN]: Error loading class: com/electronwill/nightconfig/core/io/IoUtils (java.lang.ClassNotFoundException: com/electronwill/nightconfig/core/io/IoUtils)
[04:53:37] [main/WARN]: Error loading class: net/minecraft/class_638 (java.lang.ClassNotFoundException: net/minecraft/class_638)
[04:53:37] [main/WARN]: @Mixin target net.minecraft.class_638 was not found porting_lib_level_events.mixins.json:client.ClientLevelMixin from mod porting_lib_level_events
[04:53:37] [main/INFO]: Initializing MixinExtras via com.llamalad7.mixinextras.service.MixinExtrasServiceImpl(version=0.5.0-beta.3).
[04:53:48] [main/ERROR]: No data fixer registered for artifacts:mimic
[04:53:49] [main/INFO]: ExpandAbility here, who dis?
[04:53:49] [main/INFO]: Reflections took 3 ms to scan 0 urls, producing 0 keys and 0 values
[04:53:49] [main/INFO]: [STDOUT]: All 43 have been set properly
[04:53:49] [main/ERROR]: No data fixer registered for 
[04:53:49] [main/INFO]: [voicechat] Compatibility version 18
[04:53:49] [main/INFO]: [voicechat] Loading plugins
[04:53:49] [main/INFO]: [voicechat] Loaded 0 plugin(s)
[04:53:49] [main/INFO]: [voicechat] Initializing plugins
[04:53:49] [main/INFO]: [voicechat] Initialized 0 plugin(s)
[04:53:49] [main/INFO]: Loading Xaero's Minimap - Stage 1/2 (Server)
[04:53:50] [main/INFO]: Environment: Environment[sessionHost=https://sessionserver.mojang.com, servicesHost=https://api.minecraftservices.com, name=PROD]
[04:53:53] [main/INFO]: Loaded 1432 recipes
[04:53:53] [main/INFO]: Loaded 1551 advancements
[04:53:54] [main/INFO]: Applied 179 biome modifications to 63 of 64 new biomes in 24.76 ms
[04:53:54] [Server thread/INFO]: Loading server configs...
[04:53:54] [Server thread/INFO]: Starting minecraft server version 1.21.1
[04:53:54] [Server thread/INFO]: Loading properties
[04:53:54] [Server thread/INFO]: Default game type: SURVIVAL
[04:53:54] [Server thread/INFO]: Generating keypair
[04:53:55] [Server thread/INFO]: Starting Minecraft server on *:25565
[04:53:55] [Server thread/INFO]: Using epoll channel type
[04:53:55] [Server thread/INFO]: Preparing level "world"
[04:54:03] [Server thread/INFO]: Preparing start region for dimension minecraft:overworld
[04:54:04] [Worker-Main-1/INFO]: Preparing spawn area: 0%
[04:54:04] [Worker-Main-1/INFO]: Preparing spawn area: 0%
[04:54:04] [Server thread/INFO]: Time elapsed: 1034 ms
[04:54:04] [Server thread/INFO]: Done (9.505s)! For help, type "help"
[04:54:04] [Server thread/INFO]: Start loading plugin from Jade: snownee.jade.addon.core.CorePlugin
[04:54:04] [Server thread/INFO]: Start loading plugin from Jade: snownee.jade.addon.vanilla.VanillaPlugin
[04:54:04] [Server thread/INFO]: Start loading plugin from Jade: snownee.jade.addon.universal.UniversalPlugin
[04:54:04] [Server thread/INFO]: Start loading plugin from Jade: snownee.jade.addon.access.AccessibilityPlugin
[04:54:04] [Server thread/INFO]: Start loading plugin from Jade: snownee.jade.addon.debug.DebugPlugin
[04:54:05] [VoiceChatServerThread/INFO]: [voicechat] Voice host is 'pm-usc.gl.at.ply.gg:7426'
[04:54:05] [VoiceChatServerThread/INFO]: [voicechat] Voice chat server started at port 7426
[04:54:05] [Server thread/INFO]: Loading Xaero's Minimap - Stage 2/2 (Server)
[04:54:22] [User Authenticator #1/INFO]: UUID of player zetreaa is 811bc03d-0045-4319-9d80-c5aa17d161ba
[04:54:25] [Server thread/INFO]: zetreaa[/127.218.34.45:57491] logged in with entity id 86 at (105.5, 67.0, -184.5)
[04:54:25] [Server thread/INFO]: zetreaa joined the game
[04:54:26] [Server thread/INFO]: Sending item configs to client
[04:54:26] [Server thread/INFO]: [voicechat] Received secret request of zetreaa (18)
[04:54:26] [Server thread/INFO]: [voicechat] Sent secret to zetreaa
[04:54:27] [VoiceChatPacketProcessingThread/INFO]: [voicechat] Successfully authenticated player 811bc03d-0045-4319-9d80-c5aa17d161ba
[04:54:28] [VoiceChatPacketProcessingThread/INFO]: [voicechat] Successfully validated connection of player 811bc03d-0045-4319-9d80-c5aa17d161ba
[04:54:28] [VoiceChatPacketProcessingThread/INFO]: [voicechat] Player zetreaa (811bc03d-0045-4319-9d80-c5aa17d161ba) successfully connected to voice chat
[04:56:44] [Server thread/INFO]: Made zetreaa a server operator
[04:56:58] [Server thread/INFO]: [zetreaa: The difficulty has been set to Hard]
[04:57:36] [Server thread/WARN]: Could not equip item '1 artifacts:night_vision_goggles' on spawned entity 'class_1613['Skeleton'/665, l='ServerLevel[world]', x=190.50, y=-37.00, z=-210.50]'
[05:02:27] [Server thread/INFO]: zetreaa lost connection: Disconnected
[05:02:27] [Server thread/INFO]: zetreaa left the game
[05:02:27] [Server thread/INFO]: [voicechat] Disconnecting client zetreaa
